<?xml version="1.0" encoding="UTF-8"?>
<!-- Generated by org.testng.reporters.JUnitReportReporter -->
<testsuite hostname="SURESH-PC" failures="0" tests="3" name="PageObjectMode.Testcases1.LoginPageTest1" time="2.535" errors="0" timestamp="2024-04-12T18:03:59 IST" skipped="0">
  <testcase classname="PageObjectMode.Testcases1.LoginPageTest1" name="verifyUrl" time="0.031"/>
  <system-out/>
  <testcase classname="PageObjectMode.Testcases1.LoginPageTest1" name="verifyTitle" time="0.036"/>
  <system-out/>
  <testcase classname="PageObjectMode.Testcases1.LoginPageTest1" name="verifyLogin" time="2.468"/>
  <system-out/>
</testsuite> <!-- PageObjectMode.Testcases1.LoginPageTest1 -->
