<?xml version="1.0" encoding="UTF-8"?>
<!-- Generated by org.testng.reporters.JUnitReportReporter -->
<testsuite hostname="SURESH-PC" failures="0" tests="5" name="TestNGDemo.TestDemo4_InvocationCount" time="0.016" errors="0" timestamp="2024-02-13T18:28:06 IST" skipped="0">
  <testcase classname="TestNGDemo.TestDemo4_InvocationCount" name="enrollForTheCourse" time="0.008"/>
  <system-out/>
  <testcase classname="TestNGDemo.TestDemo4_InvocationCount" name="training" time="0.002"/>
  <system-out/>
  <testcase classname="TestNGDemo.TestDemo4_InvocationCount" name="placementCall" time="0.003"/>
  <system-out/>
  <testcase classname="TestNGDemo.TestDemo4_InvocationCount" name="placementCall" time="0.002"/>
  <system-out/>
  <testcase classname="TestNGDemo.TestDemo4_InvocationCount" name="placementCall" time="0.001"/>
  <system-out/>
</testsuite> <!-- TestNGDemo.TestDemo4_InvocationCount -->
