<?xml version="1.0" encoding="UTF-8"?>
<!-- Generated by org.testng.reporters.JUnitReportReporter -->
<testsuite hostname="SURESH-PC" failures="0" tests="5" name="TestNGDemo1.TestDemo4_InvocationCount" time="0.043" errors="0" timestamp="2024-04-12T14:33:29 IST" skipped="0">
  <testcase classname="TestNGDemo1.TestDemo4_InvocationCount" name="enrollForTheCourse" time="0.003"/>
  <system-out/>
  <testcase classname="TestNGDemo1.TestDemo4_InvocationCount" name="training" time="0.017"/>
  <system-out/>
  <testcase classname="TestNGDemo1.TestDemo4_InvocationCount" name="placementcall" time="0.003"/>
  <system-out/>
  <testcase classname="TestNGDemo1.TestDemo4_InvocationCount" name="placementcall" time="0.002"/>
  <system-out/>
  <testcase classname="TestNGDemo1.TestDemo4_InvocationCount" name="placementcall" time="0.018"/>
  <system-out/>
</testsuite> <!-- TestNGDemo1.TestDemo4_InvocationCount -->
