<?xml version="1.0" encoding="UTF-8"?>
<!-- Generated by org.testng.reporters.JUnitReportReporter -->
<testsuite hostname="SURESH-PC" failures="0" tests="2" name="TestNGDemo1.TestDemo1" time="0.003" errors="0" timestamp="2024-04-12T14:33:29 IST" skipped="0">
  <testcase classname="TestNGDemo1.TestDemo1" name="testcase1" time="0.003"/>
  <system-out/>
  <testcase classname="TestNGDemo1.TestDemo1" name="testcase2" time="0.000"/>
  <system-out/>
</testsuite> <!-- TestNGDemo1.TestDemo1 -->
