<?xml version="1.0" encoding="UTF-8"?>
<!-- Generated by org.testng.reporters.JUnitReportReporter -->
<testsuite hostname="SURESH-PC" failures="0" tests="2" name="TestNGDemo1.TestDemo2" time="14.094" errors="0" timestamp="2024-04-12T14:33:29 IST" skipped="0">
  <testcase classname="TestNGDemo1.TestDemo2" name="chromeTest" time="7.979"/>
  <system-out/>
  <testcase classname="TestNGDemo1.TestDemo2" name="edgeTest" time="6.115"/>
  <system-out/>
</testsuite> <!-- TestNGDemo1.TestDemo2 -->
