<?xml version="1.0" encoding="UTF-8"?>
<!-- Generated by org.testng.reporters.JUnitReportReporter -->
<testsuite hostname="SURESH-PC" failures="0" tests="2" name="PageObjectMode.Testcases1.NewLoginPageTest" time="2.294" errors="0" timestamp="2024-04-12T18:33:24 IST" skipped="0">
  <testcase classname="PageObjectMode.Testcases1.NewLoginPageTest" name="verifyUrl" time="0.027"/>
  <system-out/>
  <testcase classname="PageObjectMode.Testcases1.NewLoginPageTest" name="verifyLogin" time="2.267"/>
  <system-out/>
</testsuite> <!-- PageObjectMode.Testcases1.NewLoginPageTest -->
