<?xml version="1.0" encoding="UTF-8"?>
<!-- Generated by org.testng.reporters.JUnitReportReporter -->
<testsuite hostname="SURESH-PC" failures="0" tests="2" name="TestNGDemo.AssertionInTestNG" time="0.025" errors="0" timestamp="2024-02-13T18:28:06 IST" skipped="0">
  <testcase classname="TestNGDemo.AssertionInTestNG" name="hardAssertionTest" time="0.010"/>
  <system-out/>
  <testcase classname="TestNGDemo.AssertionInTestNG" name="softAssertionTest" time="0.015"/>
  <system-out/>
</testsuite> <!-- TestNGDemo.AssertionInTestNG -->
