<?xml version="1.0" encoding="UTF-8"?>
<!-- Generated by org.testng.reporters.JUnitReportReporter -->
<testsuite hostname="SURESH-PC" failures="0" tests="1" name="RealTimeAnnotationsUse.CRMTestBasic" time="8.744" errors="0" timestamp="2024-02-14T10:26:43 IST" skipped="0">
  <testcase classname="RealTimeAnnotationsUse.CRMTestBasic" name="crmTest" time="8.744"/>
  <system-out/>
</testsuite> <!-- RealTimeAnnotationsUse.CRMTestBasic -->
