<?xml version="1.0" encoding="UTF-8"?>
<!-- Generated by org.testng.reporters.JUnitReportReporter -->
<testsuite hostname="SURESH-PC" failures="0" tests="2" name="TestNGDemo1.AssertioninTestNg" time="0.035" errors="0" timestamp="2024-04-12T14:33:29 IST" skipped="0">
  <testcase classname="TestNGDemo1.AssertioninTestNg" name="hardassertionTest" time="0.026"/>
  <system-out/>
  <testcase classname="TestNGDemo1.AssertioninTestNg" name="softassertionTest" time="0.009"/>
  <system-out/>
</testsuite> <!-- TestNGDemo1.AssertioninTestNg -->
