<?xml version="1.0" encoding="UTF-8"?>
<!-- Generated by org.testng.reporters.JUnitReportReporter -->
<testsuite hostname="SURESH-PC" failures="0" tests="1" name="TestNGDemo1.GoogleTitleValidation" time="6.912" errors="0" timestamp="2024-04-13T10:07:08 IST" skipped="0">
  <testcase classname="TestNGDemo1.GoogleTitleValidation" name="titleValidation" time="6.912"/>
  <system-out/>
</testsuite> <!-- TestNGDemo1.GoogleTitleValidation -->
