<?xml version="1.0" encoding="UTF-8"?>
<!-- Generated by org.testng.reporters.JUnitReportReporter -->
<testsuite hostname="SURESH-PC" failures="0" tests="4" name="TestNGDemo.TestDisableFromExecution" time="0.034" errors="0" timestamp="2024-02-13T19:04:38 IST" skipped="1">
  <testcase classname="TestNGDemo.TestDisableFromExecution" name="testcase4" time="0.006"/>
  <system-out/>
  <testcase classname="TestNGDemo.TestDisableFromExecution" name="testcase2" time="0.004"/>
  <system-out/>
  <testcase classname="TestNGDemo.TestDisableFromExecution" name="testcase1" time="0.024"/>
  <system-out/>
  <testcase classname="TestNGDemo.TestDisableFromExecution" name="testcase3">
    <skipped/>
  </testcase> <!-- testcase3 -->
  <system-out/>
</testsuite> <!-- TestNGDemo.TestDisableFromExecution -->
