<?xml version="1.0" encoding="UTF-8"?>
<!-- Generated by org.testng.reporters.JUnitReportReporter -->
<testsuite hostname="SURESH-PC" failures="0" tests="2" name="RealTimeAnnotaionsUse1.CRMTestCases1" time="3.111" errors="0" timestamp="2024-04-12T17:26:58 IST" skipped="0">
  <testcase classname="RealTimeAnnotaionsUse1.CRMTestCases1" name="signInlinkValidation" time="1.714"/>
  <system-out/>
  <testcase classname="RealTimeAnnotaionsUse1.CRMTestCases1" name="LoginValidation" time="1.397"/>
  <system-out/>
</testsuite> <!-- RealTimeAnnotaionsUse1.CRMTestCases1 -->
