<?xml version="1.0" encoding="UTF-8"?>
<!-- Generated by org.testng.reporters.JUnitReportReporter -->
<testsuite hostname="SURESH-PC" failures="0" tests="2" name="TestNGDemo1.TestDisableFromExecution" time="0.023" errors="0" timestamp="2024-04-12T14:49:27 IST" skipped="1">
  <testcase classname="TestNGDemo1.TestDisableFromExecution" name="testcase4" time="0.023"/>
  <system-out/>
  <testcase classname="TestNGDemo1.TestDisableFromExecution" name="testcase3">
    <skipped/>
  </testcase> <!-- testcase3 -->
  <system-out/>
</testsuite> <!-- TestNGDemo1.TestDisableFromExecution -->
