<?xml version="1.0" encoding="UTF-8"?>
<!-- Generated by org.testng.reporters.JUnitReportReporter -->
<testsuite hostname="SURESH-PC" failures="0" tests="3" name="pageObjectModel.TestCases.LoginPageTest" time="2.496" errors="0" timestamp="2024-02-14T11:22:48 IST" skipped="0">
  <testcase classname="pageObjectModel.TestCases.LoginPageTest" name="verifyUrl" time="0.034"/>
  <system-out/>
  <testcase classname="pageObjectModel.TestCases.LoginPageTest" name="verifyTitle" time="0.026"/>
  <system-out/>
  <testcase classname="pageObjectModel.TestCases.LoginPageTest" name="verifyLogin" time="2.436"/>
  <system-out/>
</testsuite> <!-- pageObjectModel.TestCases.LoginPageTest -->
