<?xml version="1.0" encoding="UTF-8"?>
<!-- Generated by org.testng.reporters.JUnitReportReporter -->
<testsuite hostname="SURESH-PC" failures="0" tests="3" name="TestNGDemo.AnnotationDemo" time="0.032" errors="0" timestamp="2024-02-13T19:44:23 IST" skipped="0">
  <testcase classname="TestNGDemo.AnnotationDemo" name="registerTest" time="0.018"/>
  <system-out/>
  <testcase classname="TestNGDemo.AnnotationDemo" name="loginTest" time="0.009"/>
  <system-out/>
  <testcase classname="TestNGDemo.AnnotationDemo" name="LogoutTest" time="0.005"/>
  <system-out/>
</testsuite> <!-- TestNGDemo.AnnotationDemo -->
