<?xml version="1.0" encoding="UTF-8"?>
<!-- Generated by org.testng.reporters.JUnitReportReporter -->
<testsuite hostname="SURESH-PC" failures="0" tests="4" name="TestNGDemo1.TestDemo3_priority" time="0.018" errors="0" timestamp="2024-04-12T14:33:29 IST" skipped="0">
  <testcase classname="TestNGDemo1.TestDemo3_priority" name="register" time="0.004"/>
  <system-out/>
  <testcase classname="TestNGDemo1.TestDemo3_priority" name="logintest" time="0.002"/>
  <system-out/>
  <testcase classname="TestNGDemo1.TestDemo3_priority" name="searchProductTest" time="0.001"/>
  <system-out/>
  <testcase classname="TestNGDemo1.TestDemo3_priority" name="addtoCart" time="0.011"/>
  <system-out/>
</testsuite> <!-- TestNGDemo1.TestDemo3_priority -->
