<?xml version="1.0" encoding="UTF-8"?>
<!-- Generated by org.testng.reporters.JUnitReportReporter -->
<testsuite hostname="SURESH-PC" failures="0" tests="2" name="pageObjectModel.TestCases.NewLoginPageTest" time="2.568" errors="0" timestamp="2024-02-14T11:44:30 IST" skipped="0">
  <testcase classname="pageObjectModel.TestCases.NewLoginPageTest" name="verifyUrl" time="0.023"/>
  <system-out/>
  <testcase classname="pageObjectModel.TestCases.NewLoginPageTest" name="verifyLogin" time="2.545"/>
  <system-out/>
</testsuite> <!-- pageObjectModel.TestCases.NewLoginPageTest -->
