<?xml version="1.0" encoding="UTF-8"?>
<!-- Generated by org.testng.reporters.JUnitReportReporter -->
<testsuite hostname="SURESH-PC" failures="0" tests="2" name="RealTimeAnnotationsUse.CRMTestCases" time="3.142" errors="0" timestamp="2024-02-14T10:37:42 IST" skipped="0">
  <testcase classname="RealTimeAnnotationsUse.CRMTestCases" name="signInlinkValidation" time="1.009"/>
  <system-out/>
  <testcase classname="RealTimeAnnotationsUse.CRMTestCases" name="loginValidation" time="2.133"/>
  <system-out/>
</testsuite> <!-- RealTimeAnnotationsUse.CRMTestCases -->
