<?xml version="1.0" encoding="UTF-8"?>
<!-- Generated by org.testng.reporters.JUnitReportReporter -->
<testsuite hostname="SURESH-PC" failures="0" tests="1" name="RealTimeAnnotaionsUse1.CRMTestBasic" time="9.912" errors="0" timestamp="2024-04-12T16:52:48 IST" skipped="0">
  <testcase classname="RealTimeAnnotaionsUse1.CRMTestBasic" name="crmTest" time="9.912"/>
  <system-out/>
</testsuite> <!-- RealTimeAnnotaionsUse1.CRMTestBasic -->
