<?xml version="1.0" encoding="UTF-8"?>
<!-- Generated by org.testng.reporters.JUnitReportReporter -->
<testsuite hostname="SURESH-PC" failures="0" tests="3" name="TestNGDemo.GroupTestDemo" time="0.035" errors="0" timestamp="2024-04-12T14:58:32 IST" skipped="0">
  <testcase classname="TestNGDemo.GroupTestDemo" name="VerifyLogin" time="0.029"/>
  <system-out/>
  <testcase classname="TestNGDemo.GroupTestDemo" name="VerifyTitle" time="0.004"/>
  <system-out/>
  <testcase classname="TestNGDemo.GroupTestDemo" name="VerifyLogout" time="0.002"/>
  <system-out/>
</testsuite> <!-- TestNGDemo.GroupTestDemo -->
