<?xml version="1.0" encoding="UTF-8"?>
<!-- Generated by org.testng.reporters.JUnitReportReporter -->
<testsuite hostname="SURESH-PC" failures="0" tests="4" name="TestNGDemo.TestDemo3_Priority" time="0.027" errors="0" timestamp="2024-02-13T18:28:06 IST" skipped="0">
  <testcase classname="TestNGDemo.TestDemo3_Priority" name="RegisterTest" time="0.017"/>
  <system-out/>
  <testcase classname="TestNGDemo.TestDemo3_Priority" name="LoginTest" time="0.003"/>
  <system-out/>
  <testcase classname="TestNGDemo.TestDemo3_Priority" name="SearchProductTest" time="0.005"/>
  <system-out/>
  <testcase classname="TestNGDemo.TestDemo3_Priority" name="AddToCartTest" time="0.002"/>
  <system-out/>
</testsuite> <!-- TestNGDemo.TestDemo3_Priority -->
