<?xml version="1.0" encoding="UTF-8"?>
<!-- Generated by org.testng.reporters.JUnitReportReporter -->
<testsuite hostname="SURESH-PC" failures="0" tests="3" name="TestNGDemo.TestDemo2" time="30.776" errors="0" timestamp="2024-02-13T18:28:06 IST" skipped="0">
  <testcase classname="TestNGDemo.TestDemo2" name="ChromeTest" time="4.332"/>
  <system-out/>
  <testcase classname="TestNGDemo.TestDemo2" name="Firefox" time="11.736"/>
  <system-out/>
  <testcase classname="TestNGDemo.TestDemo2" name="edgeTest" time="14.708"/>
  <system-out/>
</testsuite> <!-- TestNGDemo.TestDemo2 -->
