<?xml version="1.0" encoding="UTF-8"?>
<!-- Generated by org.testng.reporters.JUnitReportReporter -->
<testsuite hostname="SURESH-PC" failures="0" tests="3" name="TestNGDemo1.AnnotationDemo" time="0.033" errors="0" timestamp="2024-04-12T15:15:08 IST" skipped="0">
  <testcase classname="TestNGDemo1.AnnotationDemo" name="register" time="0.020"/>
  <system-out/>
  <testcase classname="TestNGDemo1.AnnotationDemo" name="logintest" time="0.008"/>
  <system-out/>
  <testcase classname="TestNGDemo1.AnnotationDemo" name="logout" time="0.005"/>
  <system-out/>
</testsuite> <!-- TestNGDemo1.AnnotationDemo -->
