<?xml version="1.0" encoding="UTF-8"?>
<!-- Generated by org.testng.reporters.JUnitReportReporter -->
<testsuite hostname="SURESH-PC" failures="0" tests="2" name="TestNGDemo.TestDemo1" time="0.005" errors="0" timestamp="2024-02-13T18:28:06 IST" skipped="0">
  <testcase classname="TestNGDemo.TestDemo1" name="testCase1" time="0.002"/>
  <system-out/>
  <testcase classname="TestNGDemo.TestDemo1" name="testcase2" time="0.003"/>
  <system-out/>
</testsuite> <!-- TestNGDemo.TestDemo1 -->
