<?xml version="1.0" encoding="UTF-8"?>
<!-- Generated by org.testng.reporters.JUnitReportReporter -->
<testsuite hostname="SURESH-PC" failures="0" tests="3" name="pageObjectModel.TestCases.LoginPageTest" time="2.611" errors="0" timestamp="2024-04-11T17:13:45 IST" skipped="0">
  <testcase classname="pageObjectModel.TestCases.LoginPageTest" name="verifyUrl" time="0.030"/>
  <system-out/>
  <testcase classname="pageObjectModel.TestCases.LoginPageTest" name="verifyTitle" time="0.016"/>
  <system-out/>
  <testcase classname="pageObjectModel.TestCases.LoginPageTest" name="verifyLogin" time="2.565"/>
  <system-out/>
</testsuite> <!-- pageObjectModel.TestCases.LoginPageTest -->
