<?xml version="1.0" encoding="UTF-8"?>
<!-- Generated by org.testng.reporters.JUnitReportReporter -->
<testsuite hostname="SURESH-PC" failures="0" tests="2" name="TestNGDemo.TestDemo1" time="0.001" errors="0" timestamp="2024-04-11T17:13:45 IST" skipped="0">
  <testcase classname="TestNGDemo.TestDemo1" name="testCase1" time="0.001"/>
  <system-out/>
  <testcase classname="TestNGDemo.TestDemo1" name="testcase2" time="0.000"/>
  <system-out/>
</testsuite> <!-- TestNGDemo.TestDemo1 -->
