<?xml version="1.0" encoding="UTF-8"?>
<!-- Generated by org.testng.reporters.JUnitReportReporter -->
<testsuite hostname="SURESH-PC" failures="0" tests="5" name="TestNGDemo.TestDemo4_InvocationCount" time="0.000" errors="0" timestamp="2024-04-11T17:13:45 IST" skipped="0">
  <testcase classname="TestNGDemo.TestDemo4_InvocationCount" name="enrollForTheCourse" time="0.000"/>
  <system-out/>
  <testcase classname="TestNGDemo.TestDemo4_InvocationCount" name="training" time="0.000"/>
  <system-out/>
  <testcase classname="TestNGDemo.TestDemo4_InvocationCount" name="placementCall" time="0.000"/>
  <system-out/>
  <testcase classname="TestNGDemo.TestDemo4_InvocationCount" name="placementCall" time="0.000"/>
  <system-out/>
  <testcase classname="TestNGDemo.TestDemo4_InvocationCount" name="placementCall" time="0.000"/>
  <system-out/>
</testsuite> <!-- TestNGDemo.TestDemo4_InvocationCount -->
