<?xml version="1.0" encoding="UTF-8"?>
<!-- Generated by org.testng.reporters.JUnitReportReporter -->
<testsuite hostname="SURESH-PC" failures="0" tests="4" name="TestNGDemo.TestDemo3_Priority" time="0.007" errors="0" timestamp="2024-04-11T17:13:45 IST" skipped="0">
  <testcase classname="TestNGDemo.TestDemo3_Priority" name="RegisterTest" time="0.000"/>
  <system-out/>
  <testcase classname="TestNGDemo.TestDemo3_Priority" name="LoginTest" time="0.007"/>
  <system-out/>
  <testcase classname="TestNGDemo.TestDemo3_Priority" name="SearchProductTest" time="0.000"/>
  <system-out/>
  <testcase classname="TestNGDemo.TestDemo3_Priority" name="AddToCartTest" time="0.000"/>
  <system-out/>
</testsuite> <!-- TestNGDemo.TestDemo3_Priority -->
