<?xml version="1.0" encoding="UTF-8"?>
<!-- Generated by org.testng.reporters.JUnitReportReporter -->
<testsuite hostname="SURESH-PC" failures="0" tests="2" name="pageObjectModel.TestCases.NewLoginPageTest" time="5.446" errors="0" timestamp="2024-04-11T17:13:45 IST" skipped="0">
  <testcase classname="pageObjectModel.TestCases.NewLoginPageTest" name="verifyUrl" time="0.069"/>
  <system-out/>
  <testcase classname="pageObjectModel.TestCases.NewLoginPageTest" name="verifyLogin" time="5.377"/>
  <system-out/>
</testsuite> <!-- pageObjectModel.TestCases.NewLoginPageTest -->
